<?xml version="1.0" encoding="UTF-8"?>
<testng-results ignored="0" total="2" passed="2" failed="0" skipped="0">
  <reporter-output>
  </reporter-output>
  <suite started-at="2026-06-03T18:15:37 IST" name="Suite" finished-at="2026-06-03T18:16:02 IST" duration-ms="25165">
    <groups>
    </groups>
    <test started-at="2026-06-03T18:15:37 IST" name="Chrome Test" finished-at="2026-06-03T18:15:50 IST" duration-ms="12855">
      <class name="tests.RegisterTest">
        <test-method is-config="true" signature="setUp(java.lang.String)[pri:0, instance:tests.RegisterTest@57a78e3]" started-at="2026-06-03T18:15:37 IST" name="setUp" finished-at="2026-06-03T18:15:39 IST" duration-ms="2337" status="PASS">
          <params>
            <param index="0">
              <value>
                <![CDATA[chrome]]>
              </value>
            </param>
          </params>
          <reporter-output>
          </reporter-output>
        </test-method> <!-- setUp -->
        <test-method signature="verifyUserRegisteration()[pri:0, instance:tests.RegisterTest@57a78e3]" started-at="2026-06-03T18:15:39 IST" name="verifyUserRegisteration" finished-at="2026-06-03T18:15:49 IST" duration-ms="9820" status="PASS">
          <reporter-output>
          </reporter-output>
        </test-method> <!-- verifyUserRegisteration -->
        <test-method is-config="true" signature="tearDown()[pri:0, instance:tests.RegisterTest@57a78e3]" started-at="2026-06-03T18:15:49 IST" name="tearDown" finished-at="2026-06-03T18:15:50 IST" duration-ms="648" status="PASS">
          <reporter-output>
          </reporter-output>
        </test-method> <!-- tearDown -->
      </class> <!-- tests.RegisterTest -->
    </test> <!-- Chrome Test -->
    <test started-at="2026-06-03T18:15:50 IST" name="Firefox Test" finished-at="2026-06-03T18:16:02 IST" duration-ms="12291">
      <class name="tests.RegisterTest">
        <test-method is-config="true" signature="setUp(java.lang.String)[pri:0, instance:tests.RegisterTest@4d0d9fe7]" started-at="2026-06-03T18:15:50 IST" name="setUp" finished-at="2026-06-03T18:15:54 IST" duration-ms="3800" status="PASS">
          <params>
            <param index="0">
              <value>
                <![CDATA[firefox]]>
              </value>
            </param>
          </params>
          <reporter-output>
          </reporter-output>
        </test-method> <!-- setUp -->
        <test-method signature="verifyUserRegisteration()[pri:0, instance:tests.RegisterTest@4d0d9fe7]" started-at="2026-06-03T18:15:54 IST" name="verifyUserRegisteration" finished-at="2026-06-03T18:16:01 IST" duration-ms="7520" status="PASS">
          <reporter-output>
          </reporter-output>
        </test-method> <!-- verifyUserRegisteration -->
        <test-method is-config="true" signature="tearDown()[pri:0, instance:tests.RegisterTest@4d0d9fe7]" started-at="2026-06-03T18:16:01 IST" name="tearDown" finished-at="2026-06-03T18:16:02 IST" duration-ms="964" status="PASS">
          <reporter-output>
          </reporter-output>
        </test-method> <!-- tearDown -->
      </class> <!-- tests.RegisterTest -->
    </test> <!-- Firefox Test -->
  </suite> <!-- Suite -->
</testng-results>
